2019-07-05 15:01:08.824 [Thread-8] INFO  io.github.biezhi.wechat.api.WechatClient -
				[*] 正在获取 uuid ... 
2019-07-05 15:01:09.109 [Thread-8] INFO  io.github.biezhi.wechat.api.WechatClient -
				[*] 正在获取二维码 ... 成功

2019-07-05 15:01:10.242 [Thread-8] INFO  io.github.biezhi.wechat.api.WechatClient -
				[*] 请使用微信扫描二维码以登录 ... 

2019-07-05 15:01:12.656 [Thread-8] INFO  io.github.biezhi.wechat.api.WechatClient -
				[*] 请在手机上点击确认以登录 ... 

2019-07-05 15:01:14.750 [Thread-8] INFO  io.github.biezhi.wechat.api.WechatApi -
				[*] 设置cookie [wxuin=380732320;wxsid=midSz4H0qlXE7YTE;wxloadtime=1562310072;mm_lang=zh_CN;webwx_data_ticket=gScY6M8cRbZeYK/ROzOZK0rV;webwxuvid=e0f19db70ddf555ff58b8eb9eb02dfb0bb9ae74f0eb37b5a2ba5a46be1c9fb782dfe01a4a9997a54690bce7a5e9df876;webwx_auth_ticket=CIsBEPiJ16sOGoABqNSwoJzgLKZxOIsA/fuSpE7uaKh37dQ2WOnYm1K0HnNiaXAM/DuXWkrlmv+oulkniSUN2dp/UBQkM6IL2UJgc3BKj+nmqfFJBKN9qia2tMuAVfgFjZNYjl7VxX6lxUY8BEtEX7UeHIg10faEjfcR9lm1L9/DjDHyhHsDP9kXU5c=;]
2019-07-05 15:01:15.768 [Thread-9] INFO  io.github.biezhi.wechat.api.WechatClient -
				[*] 开启状态通知 ... 
2019-07-05 15:01:15.885 [Thread-9] INFO  io.github.biezhi.wechat.api.WechatClient -
				[*] 获取联系人 ... 
2019-07-05 15:01:23.635 [Thread-9] INFO  io.github.biezhi.wechat.api.WechatClient -
				[*] 应有 [0] 个联系人，读取到联系人 [354] 个

2019-07-05 15:01:23.636 [Thread-9] INFO  io.github.biezhi.wechat.api.WechatClient -
				[*] 共有 [4] 个群 | [354] 个直接联系人 | [31] 个特殊账号 ｜ [447] 个公众号/服务号

2019-07-05 15:01:25.012 [Thread-10] INFO  io.github.biezhi.wechat.api.WechatClient -
				intercept msg : type:51, msg:null
2019-07-05 15:01:25.013 [Thread-10] INFO  io.github.biezhi.wechat.api.WechatClient -
				intercept msg : type:51, msg:null
2019-07-05 15:01:25.013 [Thread-10] INFO  io.github.biezhi.wechat.api.WechatClient -
				intercept msg : type:51, msg:null
2019-07-05 15:38:04.158 [Thread-10] INFO  io.github.biezhi.wechat.api.WechatClient -
				intercept msg : type:51, msg:null
2019-07-05 15:38:12.539 [Thread-10] INFO  io.github.biezhi.wechat.api.WechatClient -
				intercept msg : type:51, msg:null
2019-07-05 15:38:14.564 [Thread-10] INFO  io.github.biezhi.wechat.api.WechatClient -
				intercept msg : type:51, msg:null
2019-07-05 16:08:38.931 [Thread-10] WARN  io.github.biezhi.wechat.api.WechatClient -
				[*] 你在手机上登出了微信

